
=== Thu Jan  2 18:53:17 2020

Packages were changed.
Update Mode: mergeDefaultDependencies

The following packages were added:
  com.unity.package-manager-ui@2.2.0
  com.unity.ext.nunit@1.0.0
  com.unity.test-framework@1.0.13
  com.unity.ide.vscode@1.0.7
  com.unity.ide.rider@1.0.8
  com.unity.ugui@1.0.0
  com.unity.modules.androidjni@1.0.0
The following packages were updated:
  com.unity.collab-proxy from version 1.2.9 to 1.2.16
  com.unity.textmeshpro from version 2.0.0 to 2.0.1
  com.unity.timeline from version 0.0.0-builtin to 1.1.0

=== Tue Jan 14 15:53:46 2020

Packages were changed.
Update Mode: updateDependencies

The following packages were updated:
  com.unity.ide.rider from version 1.0.8 to 1.1.4
  com.unity.ide.vscode from version 1.0.7 to 1.1.3
  com.unity.test-framework from version 1.0.13 to 1.1.3
  com.unity.timeline from version 1.1.0 to 1.2.6
The following packages were removed:
  com.unity.package-manager-ui@2.2.0

=== Mon Jan 20 08:18:54 2020

Packages were changed.
Update Mode: resetToDefaultDependencies

The following packages were updated:
  com.unity.test-framework from version 1.1.9 to 1.1.3
The following packages were removed:
  com.unity.2d.sprite@1.0.0
  com.unity.2d.tilemap@1.0.0
  com.unity.burst@1.2.0
  com.unity.entities@0.5.0-preview.17
  com.unity.ext.nunit@1.0.0
  com.unity.platforms.android@0.2.0-preview.3
  com.unity.progrids@3.0.3-preview.4
  com.unity.rendering.hybrid@0.3.2-preview.17
  com.unity.test-framework.performance@2.0.6-preview
  nuget.mono-cecil@0.1.6-preview

=== Mon Jan 20 08:25:23 2020

Packages were changed.
Update Mode: resetToDefaultDependencies

The following packages were removed:
  com.unity.entities@0.5.0-preview.17
  com.unity.physics@0.2.5-preview.1
  com.unity.rendering.hybrid@0.3.2-preview.17

=== Sat Jun  6 17:28:30 2020

Packages were changed.
Update Mode: updateDependencies

The following packages were updated:
  com.unity.ide.vscode from version 1.1.3 to 1.2.0
  com.unity.test-framework from version 1.1.3 to 1.1.14

=== Thu Nov 26 17:48:10 2020

Packages were changed.
Update Mode: updateDependencies

The following packages were updated:
  com.unity.ide.vscode from version 1.2.0 to 1.2.3
  com.unity.test-framework from version 1.1.14 to 1.1.18
